2021-07-31 12:22:53,999 [INFO] Activator:170 - 


2021-07-31 12:22:54,002 [INFO] Activator:171 - !SESSION log4j initialized
2021-07-31 12:23:23,565 [ERROR] LogOutputStream:74 - [STDERR_REDIRECT] Managed Build system manifest file error: Could not load icon "icons/chip.png".
2021-07-31 12:23:23,567 [ERROR] LogOutputStream:74 - [STDERR_REDIRECT] Managed Build system manifest file error: Could not load icon "icons/chip.png".
2021-07-31 12:23:23,571 [ERROR] LogOutputStream:74 - [STDERR_REDIRECT] Managed Build system manifest file error: Could not load icon "icons/chip.png".
2021-07-31 12:23:32,119 [INFO] McuFinderGlobals:39 - Set McuFinder mode to 2 (CubeIDE integrated)
2021-07-31 12:23:34,939 [INFO] ApplicationProperties:181 - Using Application install path: C:\ST\STM32CubeIDE_1.5.1\STM32CubeIDE\plugins\com.st.stm32cube.common.mx_6.2.1.202103241236
2021-07-31 12:23:34,952 [INFO] DbMcusXml:74 - Set database path to: C:\ST\STM32CubeIDE_1.5.1\STM32CubeIDE\plugins\com.st.stm32cube.common.mx_6.2.1.202103241236\\db\/mcu/
2021-07-31 12:23:34,957 [INFO] DbBoardsPdsc:56 - Set plugin database path to: C:\ST\STM32CubeIDE_1.5.1\STM32CubeIDE\plugins\com.st.stm32cube.common.mx_6.2.1.202103241236\\db\/plugins/boardmanager/
2021-07-31 12:23:34,958 [INFO] DbMcus:258 - Set plugin images path to: C:\ST\STM32CubeIDE_1.5.1\STM32CubeIDE\plugins\com.st.stm32cube.common.mx_6.2.1.202103241236\\db\/plugins/mcufinder/images/
2021-07-31 12:23:34,958 [INFO] DbBoards:264 - Set plugin images path to: C:\ST\STM32CubeIDE_1.5.1\STM32CubeIDE\plugins\com.st.stm32cube.common.mx_6.2.1.202103241236\\db\/plugins/mcufinder/images/
2021-07-31 12:23:34,961 [INFO] DbExamples:333 - Set plugin images path to: C:\ST\STM32CubeIDE_1.5.1\STM32CubeIDE\plugins\com.st.stm32cube.common.mx_6.2.1.202103241236\\db\/plugins/mcufinder/images/
2021-07-31 12:23:34,976 [INFO] DbMcusAds:85 - Set database path to: C:\Users\Yaroslav\.stmcufinder\plugins\mcufinder//mcu/
2021-07-31 12:23:34,977 [INFO] DbMcusDocs:110 - Set database path to: C:\Users\Yaroslav\.stmcufinder\plugins\mcufinder//mcu/
2021-07-31 12:23:34,979 [INFO] DbMcusJson:65 - Set database path to: C:\Users\Yaroslav\.stmcufinder\plugins\mcufinder//mcu/
2021-07-31 12:23:34,980 [INFO] DbBoardsDocs:110 - Set database path to: C:\Users\Yaroslav\.stmcufinder\plugins\mcufinder//mcu/
2021-07-31 12:23:34,982 [INFO] DbBoardsJson:58 - Set database path to: C:\Users\Yaroslav\.stmcufinder\plugins\mcufinder//mcu/
2021-07-31 12:23:35,128 [INFO] CrossReferenceDbSqlite:196 - Set database path to: C:\Users\Yaroslav\.stmcufinder\plugins\mcufinder//mcu/cs/
2021-07-31 12:23:35,138 [INFO] DbExamplesSqlite:690 - Set database path to: C:\Users\Yaroslav\.stmcufinder\plugins\mcufinder//mcu/
2021-07-31 12:23:35,243 [INFO] RulesReader:52 - Compatibility file has been processed (237 Rules)
2021-07-31 12:23:35,332 [INFO] MicroXplorer:622 - Detected Java Version = 11.0.9.1
2021-07-31 12:23:35,335 [INFO] DbMcusXml:74 - Set database path to: C:\ST\STM32CubeIDE_1.5.1\STM32CubeIDE\plugins\com.st.stm32cube.common.mx_6.2.1.202103241236\\db\/mcu/
2021-07-31 12:23:35,335 [INFO] DbBoardsPdsc:56 - Set plugin database path to: C:\ST\STM32CubeIDE_1.5.1\STM32CubeIDE\plugins\com.st.stm32cube.common.mx_6.2.1.202103241236\\db\/plugins/boardmanager/
2021-07-31 12:23:35,335 [INFO] DbMcus:258 - Set plugin images path to: C:\ST\STM32CubeIDE_1.5.1\STM32CubeIDE\plugins\com.st.stm32cube.common.mx_6.2.1.202103241236\\db\/plugins/mcufinder/images/
2021-07-31 12:23:35,336 [INFO] DbBoards:264 - Set plugin images path to: C:\ST\STM32CubeIDE_1.5.1\STM32CubeIDE\plugins\com.st.stm32cube.common.mx_6.2.1.202103241236\\db\/plugins/mcufinder/images/
2021-07-31 12:23:35,336 [INFO] DbExamples:333 - Set plugin images path to: C:\ST\STM32CubeIDE_1.5.1\STM32CubeIDE\plugins\com.st.stm32cube.common.mx_6.2.1.202103241236\\db\/plugins/mcufinder/images/
2021-07-31 12:23:35,336 [WARN] DbFile:35 - Overriding database path with different value: C:\Users\Yaroslav\.stmcufinder\plugins\mcufinder/ => C:\Users\Yaroslav\.stmcufinder\plugins\mcufinder
2021-07-31 12:23:35,336 [INFO] DbMcusAds:85 - Set database path to: C:\Users\Yaroslav\.stmcufinder\plugins\mcufinder//mcu/
2021-07-31 12:23:35,336 [WARN] DbFile:35 - Overriding database path with different value: C:\Users\Yaroslav\.stmcufinder\plugins\mcufinder/ => C:\Users\Yaroslav\.stmcufinder\plugins\mcufinder
2021-07-31 12:23:35,336 [INFO] DbMcusDocs:110 - Set database path to: C:\Users\Yaroslav\.stmcufinder\plugins\mcufinder//mcu/
2021-07-31 12:23:35,337 [WARN] DbFile:35 - Overriding database path with different value: C:\Users\Yaroslav\.stmcufinder\plugins\mcufinder/ => C:\Users\Yaroslav\.stmcufinder\plugins\mcufinder
2021-07-31 12:23:35,337 [INFO] DbMcusJson:65 - Set database path to: C:\Users\Yaroslav\.stmcufinder\plugins\mcufinder//mcu/
2021-07-31 12:23:35,337 [WARN] DbFile:35 - Overriding database path with different value: C:\Users\Yaroslav\.stmcufinder\plugins\mcufinder/ => C:\Users\Yaroslav\.stmcufinder\plugins\mcufinder
2021-07-31 12:23:35,337 [INFO] DbBoardsDocs:110 - Set database path to: C:\Users\Yaroslav\.stmcufinder\plugins\mcufinder//mcu/
2021-07-31 12:23:35,337 [WARN] DbFile:35 - Overriding database path with different value: C:\Users\Yaroslav\.stmcufinder\plugins\mcufinder/ => C:\Users\Yaroslav\.stmcufinder\plugins\mcufinder
2021-07-31 12:23:35,337 [INFO] DbBoardsJson:58 - Set database path to: C:\Users\Yaroslav\.stmcufinder\plugins\mcufinder//mcu/
2021-07-31 12:23:35,337 [WARN] DbFile:35 - Overriding database path with different value: C:\Users\Yaroslav\.stmcufinder\plugins\mcufinder/ => C:\Users\Yaroslav\.stmcufinder\plugins\mcufinder
2021-07-31 12:23:35,337 [WARN] DbFile:35 - Overriding database path with different value: C:\Users\Yaroslav\.stmcufinder\plugins\mcufinder/ => C:\Users\Yaroslav\.stmcufinder\plugins\mcufinder
2021-07-31 12:23:35,338 [INFO] CrossReferenceDbSqlite:196 - Set database path to: C:\Users\Yaroslav\.stmcufinder\plugins\mcufinder//mcu/cs/
2021-07-31 12:23:35,338 [WARN] DbFile:35 - Overriding database path with different value: C:\Users\Yaroslav\.stmcufinder\plugins\mcufinder/ => C:\Users\Yaroslav\.stmcufinder\plugins\mcufinder
2021-07-31 12:23:35,338 [INFO] DbExamplesSqlite:690 - Set database path to: C:\Users\Yaroslav\.stmcufinder\plugins\mcufinder//mcu/
2021-07-31 12:23:35,408 [INFO] MainPanel:204 - HeapMemory: 310378496
2021-07-31 12:23:35,492 [INFO] DbMcusXml:74 - Set database path to: C:\ST\STM32CubeIDE_1.5.1\STM32CubeIDE\plugins\com.st.stm32cube.common.mx_6.2.1.202103241236\\db\/mcu/
2021-07-31 12:23:35,492 [INFO] DbBoardsPdsc:56 - Set plugin database path to: C:\ST\STM32CubeIDE_1.5.1\STM32CubeIDE\plugins\com.st.stm32cube.common.mx_6.2.1.202103241236\\db\/plugins/boardmanager/
2021-07-31 12:23:35,492 [INFO] DbMcus:258 - Set plugin images path to: C:\ST\STM32CubeIDE_1.5.1\STM32CubeIDE\plugins\com.st.stm32cube.common.mx_6.2.1.202103241236\\db\/plugins/mcufinder/images/
2021-07-31 12:23:35,493 [INFO] DbBoards:264 - Set plugin images path to: C:\ST\STM32CubeIDE_1.5.1\STM32CubeIDE\plugins\com.st.stm32cube.common.mx_6.2.1.202103241236\\db\/plugins/mcufinder/images/
2021-07-31 12:23:35,493 [INFO] DbExamples:333 - Set plugin images path to: C:\ST\STM32CubeIDE_1.5.1\STM32CubeIDE\plugins\com.st.stm32cube.common.mx_6.2.1.202103241236\\db\/plugins/mcufinder/images/
2021-07-31 12:23:35,494 [WARN] DbFile:35 - Overriding database path with different value: C:\Users\Yaroslav\.stmcufinder\plugins\mcufinder/ => C:\Users\Yaroslav\.stmcufinder\plugins\mcufinder
2021-07-31 12:23:35,494 [INFO] DbMcusAds:85 - Set database path to: C:\Users\Yaroslav\.stmcufinder\plugins\mcufinder//mcu/
2021-07-31 12:23:35,494 [WARN] DbFile:35 - Overriding database path with different value: C:\Users\Yaroslav\.stmcufinder\plugins\mcufinder/ => C:\Users\Yaroslav\.stmcufinder\plugins\mcufinder
2021-07-31 12:23:35,494 [INFO] DbMcusDocs:110 - Set database path to: C:\Users\Yaroslav\.stmcufinder\plugins\mcufinder//mcu/
2021-07-31 12:23:35,494 [WARN] DbFile:35 - Overriding database path with different value: C:\Users\Yaroslav\.stmcufinder\plugins\mcufinder/ => C:\Users\Yaroslav\.stmcufinder\plugins\mcufinder
2021-07-31 12:23:35,494 [INFO] DbMcusJson:65 - Set database path to: C:\Users\Yaroslav\.stmcufinder\plugins\mcufinder//mcu/
2021-07-31 12:23:35,494 [WARN] DbFile:35 - Overriding database path with different value: C:\Users\Yaroslav\.stmcufinder\plugins\mcufinder/ => C:\Users\Yaroslav\.stmcufinder\plugins\mcufinder
2021-07-31 12:23:35,495 [INFO] DbBoardsDocs:110 - Set database path to: C:\Users\Yaroslav\.stmcufinder\plugins\mcufinder//mcu/
2021-07-31 12:23:35,495 [WARN] DbFile:35 - Overriding database path with different value: C:\Users\Yaroslav\.stmcufinder\plugins\mcufinder/ => C:\Users\Yaroslav\.stmcufinder\plugins\mcufinder
2021-07-31 12:23:35,495 [INFO] DbBoardsJson:58 - Set database path to: C:\Users\Yaroslav\.stmcufinder\plugins\mcufinder//mcu/
2021-07-31 12:23:35,495 [WARN] DbFile:35 - Overriding database path with different value: C:\Users\Yaroslav\.stmcufinder\plugins\mcufinder/ => C:\Users\Yaroslav\.stmcufinder\plugins\mcufinder
2021-07-31 12:23:35,495 [WARN] DbFile:35 - Overriding database path with different value: C:\Users\Yaroslav\.stmcufinder\plugins\mcufinder/ => C:\Users\Yaroslav\.stmcufinder\plugins\mcufinder
2021-07-31 12:23:35,495 [INFO] CrossReferenceDbSqlite:196 - Set database path to: C:\Users\Yaroslav\.stmcufinder\plugins\mcufinder//mcu/cs/
2021-07-31 12:23:35,495 [WARN] DbFile:35 - Overriding database path with different value: C:\Users\Yaroslav\.stmcufinder\plugins\mcufinder/ => C:\Users\Yaroslav\.stmcufinder\plugins\mcufinder
2021-07-31 12:23:35,496 [INFO] DbExamplesSqlite:690 - Set database path to: C:\Users\Yaroslav\.stmcufinder\plugins\mcufinder//mcu/
2021-07-31 12:23:35,513 [INFO] ApplicationProperties:181 - Using Application install path: C:\ST\STM32CubeIDE_1.5.1\STM32CubeIDE\plugins\com.st.stm32cube.common.mx_6.2.1.202103241236
2021-07-31 12:23:35,515 [INFO] PluginManage:178 - Search for loadable plugins [exclusion list=, ]
2021-07-31 12:23:35,516 [INFO] PluginManage:292 - Check plugin analytics
2021-07-31 12:23:35,771 [INFO] AnalyticsPlugin:233 - Accepted Software Licenses: STM32CubeMX.5.6.0,STM32CubeMX.6.0.1
2021-07-31 12:23:35,772 [INFO] AnalyticsPlugin:235 - Accepted CMSIS Pack Licenses: 
2021-07-31 12:23:35,772 [INFO] AnalyticsPlugin:237 - Accepted Firmware Licenses: 
2021-07-31 12:23:35,773 [INFO] PluginManage:342 - Loaded plugin analytics (category:tool,tabindex:-1)
2021-07-31 12:23:35,773 [INFO] PluginManage:292 - Check plugin clock
2021-07-31 12:23:35,789 [INFO] PluginManage:342 - Loaded plugin clock (category:base,tabindex:2)
2021-07-31 12:23:35,789 [INFO] PluginManage:292 - Check plugin ddr
2021-07-31 12:23:35,793 [INFO] PluginManage:342 - Loaded plugin ddr (category:tool,tabindex:6)
2021-07-31 12:23:35,793 [INFO] PluginManage:292 - Check plugin filemanager
2021-07-31 12:23:35,948 [INFO] PluginManage:342 - Loaded plugin filemanager (category:base,tabindex:10)
2021-07-31 12:23:35,949 [INFO] PluginManage:292 - Check plugin ipmanager
2021-07-31 12:23:35,987 [INFO] PluginManage:342 - Loaded plugin ipmanager (category:base,tabindex:5)
2021-07-31 12:23:35,988 [INFO] PluginManage:292 - Check plugin pinoutandconfiguration
2021-07-31 12:23:36,003 [INFO] PluginManage:342 - Loaded plugin pinoutandconfiguration (category:base,tabindex:1)
2021-07-31 12:23:36,003 [INFO] PluginManage:292 - Check plugin pinoutconfig
2021-07-31 12:23:36,040 [INFO] PluginManage:342 - Loaded plugin pinoutconfig (category:base,tabindex:0)
2021-07-31 12:23:36,040 [INFO] PluginManage:292 - Check plugin power
2021-07-31 12:23:36,057 [INFO] PluginManage:342 - Loaded plugin power (category:power,tabindex:4)
2021-07-31 12:23:36,058 [INFO] PluginManage:292 - Check plugin projectmanager
2021-07-31 12:23:36,083 [INFO] PluginManage:342 - Loaded plugin projectmanager (category:projectmanager,tabindex:3)
2021-07-31 12:23:36,083 [INFO] PluginManage:292 - Check plugin thirdparty
2021-07-31 12:23:36,367 [INFO] PluginManage:342 - Loaded plugin thirdparty (category:base,tabindex:-1)
2021-07-31 12:23:36,367 [INFO] PluginManage:292 - Check plugin tools
2021-07-31 12:23:36,367 [WARN] IntegrityCheckThread:59 - waiting for thirdparty lock release [integrity check]
2021-07-31 12:23:36,369 [INFO] IntegrityCheckThread:61 - entering critical section [integrity check]
2021-07-31 12:23:36,369 [INFO] ThirdPartyUpdaterWithRetryManager:56 - Updater plugin not ready yet. [1/15]
2021-07-31 12:23:36,372 [INFO] PluginManage:342 - Loaded plugin tools (category:base,tabindex:7)
2021-07-31 12:23:36,372 [INFO] PluginManage:292 - Check plugin tutovideos
2021-07-31 12:23:36,715 [INFO] PluginManage:342 - Loaded plugin tutovideos (category:base,tabindex:-1)
2021-07-31 12:23:36,715 [INFO] PluginManage:292 - Check plugin updater
2021-07-31 12:23:36,733 [INFO] PluginManage:342 - Loaded plugin updater (category:base,tabindex:12)
2021-07-31 12:23:36,734 [INFO] PluginManage:265 - PluginManage : Loaded plugins [13]
2021-07-31 12:23:37,060 [INFO] PinOutPanel:1435 - setPackage(No Configuration,No Configuration)
2021-07-31 12:23:37,220 [INFO] IPUIPlugin:64 - create IPUIPlugin
2021-07-31 12:23:37,220 [INFO] PluginManager:203 - loadIPPluginJar : add adc
2021-07-31 12:23:37,225 [INFO] IPUIPlugin:64 - create IPUIPlugin
2021-07-31 12:23:37,225 [INFO] PluginManager:203 - loadIPPluginJar : add aes
2021-07-31 12:23:37,230 [INFO] IPUIPlugin:64 - create IPUIPlugin
2021-07-31 12:23:37,230 [INFO] PluginManager:203 - loadIPPluginJar : add can
2021-07-31 12:23:37,233 [INFO] IPUIPlugin:64 - create IPUIPlugin
2021-07-31 12:23:37,234 [INFO] PluginManager:203 - loadIPPluginJar : add comp
2021-07-31 12:23:37,238 [INFO] IPUIPlugin:64 - create IPUIPlugin
2021-07-31 12:23:37,239 [INFO] PluginManager:203 - loadIPPluginJar : add cryp
2021-07-31 12:23:37,244 [INFO] IPUIPlugin:64 - create IPUIPlugin
2021-07-31 12:23:37,244 [INFO] PluginManager:203 - loadIPPluginJar : add dfsdm
2021-07-31 12:23:37,253 [INFO] IPUIPlugin:64 - create IPUIPlugin
2021-07-31 12:23:37,255 [INFO] PluginManager:203 - loadIPPluginJar : add dma
2021-07-31 12:23:37,258 [INFO] IPUIPlugin:64 - create IPUIPlugin
2021-07-31 12:23:37,258 [INFO] PluginManager:203 - loadIPPluginJar : add fatfs
2021-07-31 12:23:37,266 [INFO] IPUIPlugin:64 - create IPUIPlugin
2021-07-31 12:23:37,266 [INFO] PluginManager:203 - loadIPPluginJar : add fmc
2021-07-31 12:23:37,276 [INFO] IPUIPlugin:64 - create IPUIPlugin
2021-07-31 12:23:37,277 [INFO] PluginManager:203 - loadIPPluginJar : add freertos
2021-07-31 12:23:37,280 [INFO] IPUIPlugin:64 - create IPUIPlugin
2021-07-31 12:23:37,280 [INFO] PluginManager:203 - loadIPPluginJar : add genericplugin
2021-07-31 12:23:37,284 [INFO] IPUIPlugin:64 - create IPUIPlugin
2021-07-31 12:23:37,285 [INFO] PluginManager:203 - loadIPPluginJar : add gfxmmu
2021-07-31 12:23:37,294 [INFO] IPUIPlugin:64 - create IPUIPlugin
2021-07-31 12:23:37,294 [INFO] PluginManager:203 - loadIPPluginJar : add gic
2021-07-31 12:23:37,302 [INFO] IPUIPlugin:64 - create IPUIPlugin
2021-07-31 12:23:37,302 [INFO] PluginManager:203 - loadIPPluginJar : add gpio
2021-07-31 12:23:37,307 [INFO] IPUIPlugin:64 - create IPUIPlugin
2021-07-31 12:23:37,307 [INFO] PluginManager:203 - loadIPPluginJar : add gtzc
2021-07-31 12:23:37,311 [INFO] IPUIPlugin:64 - create IPUIPlugin
2021-07-31 12:23:37,312 [INFO] PluginManager:203 - loadIPPluginJar : add hash
2021-07-31 12:23:37,317 [INFO] IPUIPlugin:64 - create IPUIPlugin
2021-07-31 12:23:37,317 [INFO] PluginManager:203 - loadIPPluginJar : add i2c
2021-07-31 12:23:37,322 [INFO] IPUIPlugin:64 - create IPUIPlugin
2021-07-31 12:23:37,322 [INFO] PluginManager:203 - loadIPPluginJar : add i2s
2021-07-31 12:23:37,337 [INFO] IPUIPlugin:64 - create IPUIPlugin
2021-07-31 12:23:37,337 [INFO] PluginManager:203 - loadIPPluginJar : add ipddr
2021-07-31 12:23:37,342 [INFO] IPUIPlugin:64 - create IPUIPlugin
2021-07-31 12:23:37,343 [INFO] PluginManager:203 - loadIPPluginJar : add lorawan
2021-07-31 12:23:37,345 [INFO] IPUIPlugin:64 - create IPUIPlugin
2021-07-31 12:23:37,346 [INFO] PluginManager:203 - loadIPPluginJar : add ltdc
2021-07-31 12:23:37,356 [INFO] IPUIPlugin:64 - create IPUIPlugin
2021-07-31 12:23:37,356 [INFO] PluginManager:203 - loadIPPluginJar : add mdma
2021-07-31 12:23:37,363 [INFO] IPUIPlugin:64 - create IPUIPlugin
2021-07-31 12:23:37,363 [INFO] PluginManager:203 - loadIPPluginJar : add nvic
2021-07-31 12:23:37,369 [INFO] IPUIPlugin:64 - create IPUIPlugin
2021-07-31 12:23:37,370 [INFO] PluginManager:203 - loadIPPluginJar : add opamp
2021-07-31 12:23:37,375 [INFO] IPUIPlugin:64 - create IPUIPlugin
2021-07-31 12:23:37,375 [INFO] PluginManager:203 - loadIPPluginJar : add openamp
2021-07-31 12:23:37,381 [INFO] IPUIPlugin:64 - create IPUIPlugin
2021-07-31 12:23:37,381 [INFO] PluginManager:203 - loadIPPluginJar : add pdm2pcm
2021-07-31 12:23:37,392 [INFO] IPUIPlugin:64 - create IPUIPlugin
2021-07-31 12:23:37,397 [INFO] PluginManager:203 - loadIPPluginJar : add plateformsettings
2021-07-31 12:23:37,400 [INFO] IPUIPlugin:64 - create IPUIPlugin
2021-07-31 12:23:37,401 [INFO] PluginManager:203 - loadIPPluginJar : add quadspi
2021-07-31 12:23:37,407 [INFO] IPUIPlugin:64 - create IPUIPlugin
2021-07-31 12:23:37,408 [INFO] PluginManager:203 - loadIPPluginJar : add resmgrutility
2021-07-31 12:23:37,413 [INFO] IPUIPlugin:64 - create IPUIPlugin
2021-07-31 12:23:37,414 [INFO] PluginManager:203 - loadIPPluginJar : add sai
2021-07-31 12:23:37,437 [INFO] IPUIPlugin:64 - create IPUIPlugin
2021-07-31 12:23:37,437 [INFO] PluginManager:203 - loadIPPluginJar : add spi
2021-07-31 12:23:37,446 [INFO] IPUIPlugin:64 - create IPUIPlugin
2021-07-31 12:23:37,447 [INFO] PluginManager:203 - loadIPPluginJar : add stm32_wpan
2021-07-31 12:23:37,450 [INFO] IPUIPlugin:64 - create IPUIPlugin
2021-07-31 12:23:37,451 [INFO] PluginManager:203 - loadIPPluginJar : add tim
2021-07-31 12:23:37,456 [INFO] IPUIPlugin:64 - create IPUIPlugin
2021-07-31 12:23:37,457 [INFO] PluginManager:203 - loadIPPluginJar : add touchsensing
2021-07-31 12:23:37,460 [INFO] IPUIPlugin:64 - create IPUIPlugin
2021-07-31 12:23:37,460 [INFO] PluginManager:203 - loadIPPluginJar : add tracer_emb
2021-07-31 12:23:37,474 [INFO] IPUIPlugin:64 - create IPUIPlugin
2021-07-31 12:23:37,474 [INFO] PluginManager:203 - loadIPPluginJar : add ts
2021-07-31 12:23:37,478 [INFO] IPUIPlugin:64 - create IPUIPlugin
2021-07-31 12:23:37,478 [INFO] PluginManager:203 - loadIPPluginJar : add tsc
2021-07-31 12:23:37,482 [INFO] IPUIPlugin:64 - create IPUIPlugin
2021-07-31 12:23:37,483 [INFO] PluginManager:203 - loadIPPluginJar : add ucpd
2021-07-31 12:23:37,487 [INFO] IPUIPlugin:64 - create IPUIPlugin
2021-07-31 12:23:37,488 [INFO] PluginManager:203 - loadIPPluginJar : add usart
2021-07-31 12:23:37,917 [FATAL] Updater:284 - Updater called before beeing initialized
2021-07-31 12:23:38,159 [FATAL] Updater:284 - Updater called before beeing initialized
2021-07-31 12:23:38,175 [INFO] DbMcusAds:132 - JSON generation date=Tue May 11 18:32:49 MSK 2021 (1620747169502)
2021-07-31 12:23:38,176 [FATAL] Updater:284 - Updater called before beeing initialized
2021-07-31 12:23:38,237 [WARN] DetailPanel:315 - Failed to get advertising image, set to default
2021-07-31 12:23:38,527 [FATAL] Updater:284 - Updater called before beeing initialized
2021-07-31 12:23:38,530 [FATAL] Updater:284 - Updater called before beeing initialized
2021-07-31 12:23:38,531 [FATAL] Updater:284 - Updater called before beeing initialized
2021-07-31 12:23:38,531 [WARN] DetailPanel:315 - Failed to get advertising image, set to default
2021-07-31 12:23:38,533 [FATAL] Updater:284 - Updater called before beeing initialized
2021-07-31 12:23:38,598 [FATAL] Updater:284 - Updater called before beeing initialized
2021-07-31 12:23:38,599 [WARN] ThirdParty:796 - waiting for thirdparty lock release [close project]
2021-07-31 12:23:39,377 [INFO] ThirdPartyUpdaterWithRetryManager:56 - Updater plugin not ready yet. [2/15]
2021-07-31 12:23:42,381 [FATAL] Updater:284 - Updater called before beeing initialized
2021-07-31 12:23:42,381 [ERROR] AbstractThirdPartyUpdaterManager:153 - class java.lang.Integer cannot be cast to class java.util.List (java.lang.Integer and java.util.List are in module java.base of loader 'bootstrap')
2021-07-31 12:23:42,382 [INFO] ThirdParty:900 - Integrity check success = false
2021-07-31 12:23:42,382 [INFO] IntegrityCheckThread:75 - exiting critical section [integrity check]
2021-07-31 12:23:42,382 [INFO] IntegrityCheckThread:78 - End integrity checks thread
2021-07-31 12:23:42,382 [INFO] ThirdParty:798 - entering critical section [close project]
2021-07-31 12:23:42,385 [INFO] ThirdParty:809 - exiting critical section [close project]
2021-07-31 12:23:42,390 [INFO] PinOutPanel:1435 - setPackage(No Configuration,No Configuration)
2021-07-31 12:23:42,391 [FATAL] Updater:284 - Updater called before beeing initialized
2021-07-31 12:23:42,414 [ERROR] Updater:1065 - MainUpdater not yet initialized. External WinMGr cannot be set.
2021-07-31 12:23:42,430 [INFO] Updater:1002 - Updater Version found : 6.2.1
2021-07-31 12:23:42,472 [INFO] ApplicationProperties:181 - Using Application install path: C:\ST\STM32CubeIDE_1.5.1\STM32CubeIDE\plugins\com.st.stm32cube.common.mx_6.2.1.202103241236
2021-07-31 12:23:42,794 [INFO] MainUpdater:2661 - connection check result : 10
2021-07-31 12:23:42,796 [INFO] MainUpdater:255 - Updater Check For Update Now.
2021-07-31 12:23:42,796 [INFO] MicroXplorer:472 - Change Database Version : DB.6.0.21
2021-07-31 12:23:42,864 [INFO] CheckServerUpdateThread:102 - End of CheckServer Thread
2021-07-31 12:23:42,934 [INFO] MainUpdater:2661 - connection check result : 10
2021-07-31 12:23:42,943 [INFO] MainUpdater:2661 - connection check result : 10
2021-07-31 12:23:43,273 [INFO] MicroXplorer:442 - Change Database Path : 
2021-07-31 12:23:43,274 [INFO] MicroXplorer:472 - Change Database Version : DB.6.0.21
2021-07-31 12:23:43,274 [WARN] ThirdParty:796 - waiting for thirdparty lock release [close project]
2021-07-31 12:23:43,275 [INFO] ThirdParty:798 - entering critical section [close project]
2021-07-31 12:23:43,275 [INFO] ThirdParty:809 - exiting critical section [close project]
2021-07-31 12:23:43,280 [INFO] PinOutPanel:1435 - setPackage(No Configuration,No Configuration)
2021-07-31 12:23:43,284 [INFO] UtilMem:74 - Begin LoadConfig() Used Memory: 296453088 Bytes (373293056)
2021-07-31 12:23:43,286 [INFO] MicroXplorer:442 - Change Database Path : 
2021-07-31 12:23:43,287 [INFO] MicroXplorer:472 - Change Database Version : DB.6.0.21
2021-07-31 12:23:43,287 [INFO] OpenFileManager:303 - Change cursor
2021-07-31 12:23:43,314 [WARN] IntegrityCheckThread:59 - waiting for thirdparty lock release [integrity check]
2021-07-31 12:23:43,314 [INFO] IntegrityCheckThread:61 - entering critical section [integrity check]
2021-07-31 12:23:43,506 [WARN] PackLoader:226 - Cannot read IP mode file for RoweBots.I-CUBE-UNISONRTOS.5.5.0-4
2021-07-31 12:23:43,667 [WARN] PackLoader:226 - Cannot read IP mode file for STMicroelectronics.X-CUBE-MEMS1.9.0.0
2021-07-31 12:23:44,193 [WARN] PackLoader:226 - Cannot read IP mode file for STMicroelectronics.X-CUBE-AZRTOS-H7.1.1.0
2021-07-31 12:23:44,325 [WARN] PackLoader:226 - Cannot read IP mode file for SEGGER.I-CUBE-embOS.1.2.0
2021-07-31 12:23:44,412 [WARN] PackLoader:226 - Cannot read IP mode file for STMicroelectronics.X-CUBE-BLE1.6.2.1
2021-07-31 12:23:44,431 [WARN] PackLoader:226 - Cannot read IP mode file for STMicroelectronics.X-CUBE-BLE2.3.2.1
2021-07-31 12:23:44,461 [WARN] PackLoader:226 - Cannot read IP mode file for STMicroelectronics.X-CUBE-NFC4.2.0.3
2021-07-31 12:23:44,481 [WARN] PackLoader:226 - Cannot read IP mode file for wolfSSL.I-CUBE-wolfSSL.4.8.0
2021-07-31 12:23:44,503 [WARN] PackLoader:226 - Cannot read IP mode file for STMicroelectronics.X-CUBE-TOUCHGFX.4.17.0
2021-07-31 12:23:44,528 [WARN] PackLoader:226 - Cannot read IP mode file for STMicroelectronics.X-CUBE-SFXS2LP1.3.1.0
2021-07-31 12:23:44,557 [WARN] PackLoader:226 - Cannot read IP mode file for STMicroelectronics.X-CUBE-TOF1.2.0.0
2021-07-31 12:23:44,602 [WARN] PackLoader:226 - Cannot read IP mode file for STMicroelectronics.X-CUBE-SUBG2.4.2.0
2021-07-31 12:23:44,646 [WARN] PackLoader:226 - Cannot read IP mode file for STMicroelectronics.X-CUBE-ALS.1.0.1
2021-07-31 12:23:44,664 [WARN] PackLoader:226 - Cannot read IP mode file for STMicroelectronics.X-CUBE-AI.7.0.0
2021-07-31 12:23:44,685 [WARN] PackLoader:226 - Cannot read IP mode file for STMicroelectronics.X-CUBE-ALGOBUILD.1.2.1
2021-07-31 12:23:44,703 [WARN] PackLoader:226 - Cannot read IP mode file for STMicroelectronics.X-CUBE-DISPLAY.1.0.0
2021-07-31 12:23:44,720 [WARN] PackLoader:226 - Cannot read IP mode file for STMicroelectronics.X-CUBE-EEPRMA1.3.1.0
2021-07-31 12:23:44,742 [WARN] PackLoader:226 - Cannot read IP mode file for STMicroelectronics.X-CUBE-GNSS1.5.2.0
2021-07-31 12:23:44,745 [INFO] ThirdParty:900 - Integrity check success = true
2021-07-31 12:23:44,745 [INFO] IntegrityCheckThread:75 - exiting critical section [integrity check]
2021-07-31 12:23:44,746 [INFO] IntegrityCheckThread:78 - End integrity checks thread
2021-07-31 12:23:46,258 [INFO] Context:587 - Trying to add GPIOservice into a context  which must be forbidden
2021-07-31 12:23:46,687 [WARN] ApiManager:294 - Cannot register API 'Board Extension:S2868A1' from pack STMicroelectronics.X-CUBE-SFXS2LP1.3.1.0: no header file found
2021-07-31 12:23:46,687 [WARN] ApiManager:294 - Cannot register API 'Board Extension:S2868A2' from pack STMicroelectronics.X-CUBE-SFXS2LP1.3.1.0: no header file found
2021-07-31 12:23:46,687 [WARN] ApiManager:294 - Cannot register API 'Board Extension:S2915A1' from pack STMicroelectronics.X-CUBE-SFXS2LP1.3.1.0: no header file found
2021-07-31 12:23:46,703 [WARN] ModelIntegratedComponent:51 - No mode defined for component null
2021-07-31 12:23:46,703 [WARN] ModelIntegratedComponent:51 - No mode defined for component null
2021-07-31 12:23:46,704 [WARN] ModelIntegratedComponent:51 - No mode defined for component null
2021-07-31 12:23:46,704 [WARN] ModelIntegratedComponent:51 - No mode defined for component null
2021-07-31 12:23:46,704 [WARN] ModelIntegratedComponent:51 - No mode defined for component null
2021-07-31 12:23:46,704 [WARN] ModelIntegratedComponent:51 - No mode defined for component null
2021-07-31 12:23:46,705 [WARN] ModelIntegratedComponent:51 - No mode defined for component null
2021-07-31 12:23:46,705 [WARN] ModelIntegratedComponent:51 - No mode defined for component null
2021-07-31 12:23:46,705 [WARN] ModelIntegratedComponent:51 - No mode defined for component null
2021-07-31 12:23:46,706 [WARN] ModelIntegratedComponent:51 - No mode defined for component null
2021-07-31 12:23:46,706 [WARN] ModelIntegratedComponent:51 - No mode defined for component null
2021-07-31 12:23:46,706 [WARN] ModelIntegratedComponent:51 - No mode defined for component null
2021-07-31 12:23:46,706 [WARN] ModelIntegratedComponent:51 - No mode defined for component null
2021-07-31 12:23:46,706 [WARN] ModelIntegratedComponent:51 - No mode defined for component null
2021-07-31 12:23:46,707 [WARN] ModelIntegratedComponent:51 - No mode defined for component null
2021-07-31 12:23:46,707 [WARN] ModelIntegratedComponent:51 - No mode defined for component null
2021-07-31 12:23:46,707 [WARN] ModelIntegratedComponent:51 - No mode defined for component null
2021-07-31 12:23:46,707 [WARN] ModelIntegratedComponent:51 - No mode defined for component null
2021-07-31 12:23:46,708 [WARN] ModelIntegratedComponent:51 - No mode defined for component null
2021-07-31 12:23:46,708 [WARN] ModelIntegratedComponent:51 - No mode defined for component null
2021-07-31 12:23:46,708 [WARN] ModelIntegratedComponent:51 - No mode defined for component null
2021-07-31 12:23:46,708 [WARN] ModelIntegratedComponent:51 - No mode defined for component null
2021-07-31 12:23:46,709 [WARN] ModelIntegratedComponent:51 - No mode defined for component null
2021-07-31 12:23:46,709 [WARN] ModelIntegratedComponent:51 - No mode defined for component null
2021-07-31 12:23:46,709 [WARN] ModelIntegratedComponent:51 - No mode defined for component null
2021-07-31 12:23:46,709 [WARN] ModelIntegratedComponent:51 - No mode defined for component null
2021-07-31 12:23:46,709 [WARN] ModelIntegratedComponent:51 - No mode defined for component null
2021-07-31 12:23:47,080 [WARN] ApiManager:294 - Cannot register API 'Board Extension:IKS01A3' from pack STMicroelectronics.X-CUBE-MEMS1.9.0.0: no header file found
2021-07-31 12:23:47,080 [WARN] ApiManager:294 - Cannot register API 'Board Extension:IKS01A2' from pack STMicroelectronics.X-CUBE-MEMS1.9.0.0: no header file found
2021-07-31 12:23:47,081 [WARN] ApiManager:294 - Cannot register API 'Board Extension:IKS02A1' from pack STMicroelectronics.X-CUBE-MEMS1.9.0.0: no header file found
2021-07-31 12:23:47,107 [WARN] ApiManager:294 - Cannot register API 'Board Extension:S2868A1' from pack STMicroelectronics.X-CUBE-SUBG2.4.2.0: no header file found
2021-07-31 12:23:47,107 [WARN] ApiManager:294 - Cannot register API 'Board Extension:S2868A2' from pack STMicroelectronics.X-CUBE-SUBG2.4.2.0: no header file found
2021-07-31 12:23:47,107 [WARN] ApiManager:294 - Cannot register API 'Board Extension:S2915A1' from pack STMicroelectronics.X-CUBE-SUBG2.4.2.0: no header file found
2021-07-31 12:23:47,118 [INFO] RtosManager:470 - Registered RTOS mode: class=CMSIS, group=RTOS, mode=CMSIS_V1, owner=FREERTOS
2021-07-31 12:23:47,118 [INFO] RtosManager:470 - Registered RTOS mode: class=CMSIS, group=RTOS2, mode=CMSIS_V2, owner=FREERTOS
2021-07-31 12:23:47,119 [INFO] RtosManager:470 - Registered RTOS mode: class=RTOS, group=Core, mode=CMSIS_V1, owner=FREERTOS
2021-07-31 12:23:47,119 [INFO] RtosManager:470 - Registered RTOS mode: class=RTOS, group=Core, mode=CMSIS_V2, owner=FREERTOS
2021-07-31 12:23:47,119 [WARN] ModelIntegratedComponent:182 - Missing modes for component STMicroelectronics:FreeRTOS:0.0.1:STMicroelectronics:RTOS:FreeRTOS:Core:::10.2.0:
2021-07-31 12:23:47,128 [WARN] ApiManager:294 - Cannot register API 'Board Extension:EEPRMA1' from pack STMicroelectronics.X-CUBE-EEPRMA1.3.1.0: no header file found
2021-07-31 12:23:47,128 [WARN] ApiManager:294 - Cannot register API 'Board Extension:EEPRMA2' from pack STMicroelectronics.X-CUBE-EEPRMA1.3.1.0: no header file found
2021-07-31 12:23:47,130 [WARN] ApiManager:294 - Cannot register API 'Board Extension:GNSS1A1' from pack STMicroelectronics.X-CUBE-GNSS1.5.2.0: no header file found
2021-07-31 12:23:47,130 [WARN] ApiManager:294 - Cannot register API 'Board Support:Custom' from pack STMicroelectronics.X-CUBE-GNSS1.5.2.0: no header file found
2021-07-31 12:23:47,131 [WARN] ApiManager:294 - Cannot register API 'Data Exchange:lib_gnss' from pack STMicroelectronics.X-CUBE-GNSS1.5.2.0: no header file found
2021-07-31 12:23:47,133 [WARN] ApiManager:294 - Cannot register API 'Wireless:BlueNRG-MS' from pack STMicroelectronics.X-CUBE-BLE1.6.2.1: no header file found
2021-07-31 12:23:47,134 [WARN] ApiManager:294 - Cannot register API 'Wireless:BlueNRG-2' from pack STMicroelectronics.X-CUBE-BLE2.3.2.1: no header file found
2021-07-31 12:23:47,135 [WARN] ApiManager:294 - Cannot register API 'Board Extension:NFC04A1' from pack STMicroelectronics.X-CUBE-NFC4.2.0.3: no header file found
2021-07-31 12:23:47,804 [INFO] ImportTextPane:162 - (OptionalMessage_ERROR) IP (RCC) : Parameter (ADCFreqValue) has invalid value (36000000)
2021-07-31 12:23:47,804 [INFO] ImportTextPane:162 - (OptionalMessage_ERROR) IP (RCC) : Invalid parameter (FamilyName)
2021-07-31 12:23:47,805 [INFO] ImportTextPane:162 - (OptionalMessage_ERROR) IP (RCC) : Parameter (MCOFreq_Value) has invalid value (72000000)
2021-07-31 12:23:47,806 [INFO] ImportTextPane:162 - (OptionalMessage_ERROR) IP (RCC) : Parameter (USBFreq_Value) has invalid value (72000000)
2021-07-31 12:23:48,110 [INFO] UtilMem:74 - End LoadConfig() Used Memory: 337754624 Bytes (438304768)
2021-07-31 12:23:48,113 [INFO] DbMcusXml:100 - Load MCU database from C:\ST\STM32CubeIDE_1.5.1\STM32CubeIDE\plugins\com.st.stm32cube.common.mx_6.2.1.202103241236\\db\/mcu/families.xml
2021-07-31 12:23:49,568 [INFO] DbMcusJson:94 - JSON generation date=Mon Jun 07 11:53:21 MSK 2021 (1623056001)
2021-07-31 12:23:50,850 [INFO] DbMcus:175 - Found 1906 MCUs (1866 are supported by CubeMX, 1866 are visible in CubeMX)
2021-07-31 12:23:50,851 [INFO] ApiDb:251 - Load user favorites file C:\Users\Yaroslav/.stm32cubeide/favorites.mcus.txt: 1 item(s)
2021-07-31 12:23:50,852 [INFO] ApiDb:255 - User favorites MCUs=[STM32F103C8Tx]
2021-07-31 12:23:50,853 [INFO] DbMcus:187 - Set 1 / 1 favorites MCUs
2021-07-31 12:23:50,868 [WARN] ThirdParty:762 - waiting for thirdparty lock release [change project]
2021-07-31 12:23:50,868 [INFO] ThirdParty:764 - entering critical section [change project]
2021-07-31 12:23:50,869 [INFO] ThirdParty:952 - CMSIS Pack Vendor :STMicroelectronics X-CUBE-SFXS2LP1 3.1.0
2021-07-31 12:23:50,869 [INFO] ThirdParty:952 - CMSIS Pack Vendor :RoweBots I-CUBE-UNISONRTOS 5.5.0-4
2021-07-31 12:23:50,869 [INFO] ThirdParty:952 - CMSIS Pack Vendor :STMicroelectronics USB_HOST 2.0.0
2021-07-31 12:23:50,870 [INFO] ThirdParty:952 - CMSIS Pack Vendor :STMicroelectronics USB_DEVICE 3.0.0
2021-07-31 12:23:50,870 [INFO] ThirdParty:952 - CMSIS Pack Vendor :STMicroelectronics X-CUBE-TOF1 2.0.0
2021-07-31 12:23:50,870 [INFO] ThirdParty:952 - CMSIS Pack Vendor :STMicroelectronics HAL Drivers 0.0.0
2021-07-31 12:23:50,870 [INFO] ThirdParty:952 - CMSIS Pack Vendor :STMicroelectronics MBEDTLS 2.16.2
2021-07-31 12:23:50,870 [INFO] ThirdParty:952 - CMSIS Pack Vendor :STMicroelectronics MBEDTLS 2.14.1
2021-07-31 12:23:50,871 [INFO] ThirdParty:952 - CMSIS Pack Vendor :STMicroelectronics X-CUBE-MEMS1 9.0.0
2021-07-31 12:23:50,871 [INFO] ThirdParty:952 - CMSIS Pack Vendor :STMicroelectronics X-CUBE-AZRTOS-H7 1.1.0
2021-07-31 12:23:50,871 [INFO] ThirdParty:952 - CMSIS Pack Vendor :STMicroelectronics X-CUBE-SUBG2 4.2.0
2021-07-31 12:23:50,871 [INFO] ThirdParty:952 - CMSIS Pack Vendor :STMicroelectronics X-CUBE-ALS 1.0.1
2021-07-31 12:23:50,871 [INFO] ThirdParty:952 - CMSIS Pack Vendor :STMicroelectronics USB_DEVICE 2.0.0
2021-07-31 12:23:50,871 [INFO] ThirdParty:952 - CMSIS Pack Vendor :STMicroelectronics X-CUBE-AI 7.0.0
2021-07-31 12:23:50,871 [INFO] ThirdParty:952 - CMSIS Pack Vendor :STMicroelectronics X-CUBE-ALGOBUILD 1.2.1
2021-07-31 12:23:50,871 [INFO] ThirdParty:952 - CMSIS Pack Vendor :STMicroelectronics X-CUBE-DISPLAY 1.0.0
2021-07-31 12:23:50,872 [INFO] ThirdParty:952 - CMSIS Pack Vendor :STMicroelectronics FreeRTOS 0.0.1
2021-07-31 12:23:50,872 [INFO] ThirdParty:952 - CMSIS Pack Vendor :STMicroelectronics USB_DEVICE 1.0.0
2021-07-31 12:23:50,872 [INFO] ThirdParty:952 - CMSIS Pack Vendor :SEGGER I-CUBE-embOS 1.2.0
2021-07-31 12:23:50,872 [INFO] ThirdParty:952 - CMSIS Pack Vendor :STMicroelectronics X-CUBE-EEPRMA1 3.1.0
2021-07-31 12:23:50,872 [INFO] ThirdParty:952 - CMSIS Pack Vendor :STMicroelectronics X-CUBE-GNSS1 5.2.0
2021-07-31 12:23:50,872 [INFO] ThirdParty:952 - CMSIS Pack Vendor :STMicroelectronics lwIP 2.0.3
2021-07-31 12:23:50,872 [INFO] ThirdParty:952 - CMSIS Pack Vendor :STMicroelectronics lwIP 2.1.2
2021-07-31 12:23:50,873 [INFO] ThirdParty:952 - CMSIS Pack Vendor :STMicroelectronics X-CUBE-BLE1 6.2.1
2021-07-31 12:23:50,873 [INFO] ThirdParty:952 - CMSIS Pack Vendor :STMicroelectronics X-CUBE-BLE2 3.2.1
2021-07-31 12:23:50,873 [INFO] ThirdParty:952 - CMSIS Pack Vendor :STMicroelectronics USB_HOST 1.0.0
2021-07-31 12:23:50,873 [INFO] ThirdParty:952 - CMSIS Pack Vendor :STMicroelectronics X-CUBE-NFC4 2.0.3
2021-07-31 12:23:50,873 [INFO] ThirdParty:952 - CMSIS Pack Vendor :wolfSSL I-CUBE-wolfSSL 4.8.0
2021-07-31 12:23:50,873 [INFO] ThirdParty:952 - CMSIS Pack Vendor :STMicroelectronics X-CUBE-TOUCHGFX 4.17.0
2021-07-31 12:23:50,874 [INFO] ThirdParty:952 - CMSIS Pack Vendor :STMicroelectronics PDM2PCM 3.1.0
2021-07-31 12:23:50,874 [INFO] ThirdParty:952 - CMSIS Pack Vendor :STMicroelectronics PDM2PCM 3.2.0
2021-07-31 12:23:50,874 [INFO] ThirdParty:952 - CMSIS Pack Vendor :STMicroelectronics PDM2PCM 3.3.0
2021-07-31 12:23:50,874 [INFO] ThirdParty:770 - exiting critical section [change project]
2021-07-31 12:23:51,474 [INFO] PinOutPanel:1435 - setPackage(No Configuration,No Configuration)
2021-07-31 12:23:51,476 [INFO] PinOutPanel:1435 - setPackage(STM32F103C8Tx,LQFP48)
2021-07-31 12:23:52,347 [INFO] UtilMem:74 - Before build in PCC Used Memory: 488636416 Bytes (682622976)
2021-07-31 12:23:53,016 [INFO] SharedServices:72 - Folder for power plug-in: C:/Users/Yaroslav/.stm32cubemx/plugins/power
2021-07-31 12:23:53,091 [INFO] SharedServices:72 - Folder for power plug-in: C:/Users/Yaroslav/.stm32cubemx/plugins/power
2021-07-31 12:23:53,150 [INFO] SharedServices:72 - Folder for power plug-in: C:/Users/Yaroslav/.stm32cubemx/plugins/power
2021-07-31 12:23:53,155 [INFO] SharedServices:72 - Folder for power plug-in: C:/Users/Yaroslav/.stm32cubemx/plugins/power
2021-07-31 12:23:53,403 [INFO] UtilMem:74 - After build in PCC Used Memory: 391250776 Bytes (682622976)
2021-07-31 12:23:53,435 [INFO] IPUIPlugin:64 - create IPUIPlugin
2021-07-31 12:23:53,435 [INFO] IPUIPlugin:64 - create IPUIPlugin
2021-07-31 12:23:53,435 [INFO] IPUIPlugin:64 - create IPUIPlugin
2021-07-31 12:23:53,436 [INFO] IPUIPlugin:64 - create IPUIPlugin
2021-07-31 12:23:53,436 [INFO] IPUIPlugin:64 - create IPUIPlugin
2021-07-31 12:23:53,436 [INFO] IPUIPlugin:64 - create IPUIPlugin
2021-07-31 12:23:53,436 [INFO] IPUIPlugin:64 - create IPUIPlugin
2021-07-31 12:23:53,437 [INFO] IPUIPlugin:64 - create IPUIPlugin
2021-07-31 12:23:53,437 [INFO] IPUIPlugin:64 - create IPUIPlugin
2021-07-31 12:23:53,437 [INFO] IPUIPlugin:64 - create IPUIPlugin
2021-07-31 12:23:53,437 [INFO] IPUIPlugin:64 - create IPUIPlugin
2021-07-31 12:23:53,438 [INFO] IPUIPlugin:64 - create IPUIPlugin
2021-07-31 12:23:53,439 [INFO] IPUIPlugin:64 - create IPUIPlugin
2021-07-31 12:23:53,439 [INFO] IPUIPlugin:64 - create IPUIPlugin
2021-07-31 12:23:53,440 [INFO] IPUIPlugin:64 - create IPUIPlugin
2021-07-31 12:23:53,441 [INFO] IPUIPlugin:64 - create IPUIPlugin
2021-07-31 12:23:53,441 [INFO] IPUIPlugin:64 - create IPUIPlugin
2021-07-31 12:23:53,442 [INFO] IPUIPlugin:64 - create IPUIPlugin
2021-07-31 12:23:53,442 [INFO] IPUIPlugin:64 - create IPUIPlugin
2021-07-31 12:23:53,443 [INFO] IPUIPlugin:64 - create IPUIPlugin
2021-07-31 12:23:53,443 [INFO] IPUIPlugin:64 - create IPUIPlugin
2021-07-31 12:23:53,444 [INFO] IPUIPlugin:64 - create IPUIPlugin
2021-07-31 12:23:53,444 [INFO] IPUIPlugin:64 - create IPUIPlugin
2021-07-31 12:23:53,445 [INFO] IPUIPlugin:64 - create IPUIPlugin
2021-07-31 12:23:53,445 [INFO] IPUIPlugin:64 - create IPUIPlugin
2021-07-31 12:23:53,446 [INFO] IPUIPlugin:64 - create IPUIPlugin
2021-07-31 12:23:53,447 [INFO] IPUIPlugin:64 - create IPUIPlugin
2021-07-31 12:23:53,492 [INFO] LogOutputStream:76 - [STDOUT_REDIRECT] toolchainItems.length=====1
2021-07-31 12:23:53,644 [INFO] OpenFileManager:323 - Restore cursor
